<?xml version="1.0" encoding="UTF-8"?>
<testng-results skipped="0" failed="0" total="4" passed="4">
  <reporter-output>
  </reporter-output>
  <suite name="Default suite" duration-ms="75560" started-at="2019-11-11T22:15:47Z" finished-at="2019-11-11T22:17:02Z">
    <groups>
    </groups>
    <test name="Default test" duration-ms="75560" started-at="2019-11-11T22:15:47Z" finished-at="2019-11-11T22:17:02Z">
      <class name="jenkins.maven.test.Character_Sequence">
        <test-method status="PASS" signature="char_sequence_I()[pri:0, instance:jenkins.maven.test.Character_Sequence@e25b2fe]" name="char_sequence_I" duration-ms="24007" started-at="2019-11-12T03:45:47Z" finished-at="2019-11-12T03:46:11Z">
          <reporter-output>
          </reporter-output>
        </test-method> <!-- char_sequence_I -->
        <test-method status="PASS" signature="char_sequence_II()[pri:0, instance:jenkins.maven.test.Character_Sequence@e25b2fe]" name="char_sequence_II" duration-ms="16895" started-at="2019-11-12T03:46:11Z" finished-at="2019-11-12T03:46:28Z">
          <reporter-output>
          </reporter-output>
        </test-method> <!-- char_sequence_II -->
        <test-method status="PASS" signature="char_sequence_III()[pri:0, instance:jenkins.maven.test.Character_Sequence@e25b2fe]" name="char_sequence_III" duration-ms="16768" started-at="2019-11-12T03:46:28Z" finished-at="2019-11-12T03:46:45Z">
          <reporter-output>
          </reporter-output>
        </test-method> <!-- char_sequence_III -->
        <test-method status="PASS" signature="char_sequence_IV()[pri:0, instance:jenkins.maven.test.Character_Sequence@e25b2fe]" name="char_sequence_IV" duration-ms="17825" started-at="2019-11-12T03:46:45Z" finished-at="2019-11-12T03:47:02Z">
          <reporter-output>
          </reporter-output>
        </test-method> <!-- char_sequence_IV -->
      </class> <!-- jenkins.maven.test.Character_Sequence -->
    </test> <!-- Default test -->
  </suite> <!-- Default suite -->
</testng-results>
