<?xml version="1.0" encoding="UTF-8"?>
<!-- Generated by org.testng.reporters.JUnitXMLReporter -->
<testsuite hostname="DESKTOP-7Q4CG2U" name="Default test" tests="4" failures="0" timestamp="11 Nov 2019 22:17:03 GMT" time="75.56" errors="0">
  <testcase name="char_sequence_I" time="24.007" classname="jenkins.maven.test.Character_Sequence"/>
  <testcase name="char_sequence_II" time="16.895" classname="jenkins.maven.test.Character_Sequence"/>
  <testcase name="char_sequence_III" time="16.768" classname="jenkins.maven.test.Character_Sequence"/>
  <testcase name="char_sequence_IV" time="17.825" classname="jenkins.maven.test.Character_Sequence"/>
</testsuite> <!-- Default test -->
